warning: unused import: `BasicUser`
 --> packages/models/src/track.rs:4:20
  |
4 | use crate::{user::{BasicUser, UltraBasicUser, User}, visual::Visuals};
  |                    ^^^^^^^^^
  |
  = note: `#[warn(unused_imports)]` on by default

warning: `models` (lib) generated 1 warning (run `cargo fix --lib -p models` to apply 1 suggestion)
warning: function cannot return without recursing
  --> packages/http/src/reqwest.rs:55:5
   |
55 |     pub fn status(&self) -> Option<reqwest::StatusCode> {
   |     ^^^^^^^^^^^^^^^^^^^^^^^^^^^^^^^^^^^^^^^^^^^^^^^^^^^ cannot return without recursing
56 |         self.status()
   |         ------------- recursive call site
   |
   = help: a `loop` may express intention better if this is on purpose
   = note: `#[warn(unconditional_recursion)]` on by default

warning: `http` (lib) generated 1 warning
   Compiling rsoundcloud v0.1.0 (/home/bgili/Documents/private/git/rsoundcloud)
warning: unused import: `serde::de::DeserializeOwned`
 --> src/client.rs:4:5
  |
4 | use serde::de::DeserializeOwned;
  |     ^^^^^^^^^^^^^^^^^^^^^^^^^^^
  |
  = note: `#[warn(unused_imports)]` on by default

warning: unused imports: `convert_404_to_invalid_id`, `convert_collection`, and `convert_result`
 --> src/client.rs:7:19
  |
7 | use crate::{api::{convert_collection, convert_result}, errors::{convert_404_to_invalid_id, ClientError}, ClientResult, API_BASE_URL, DEFA...
  |                   ^^^^^^^^^^^^^^^^^^  ^^^^^^^^^^^^^^            ^^^^^^^^^^^^^^^^^^^^^^^^^

warning: unreachable statement
  --> src/utils/macros.rs:4:9
   |
4  | /         if !$self.is_authenticated() {
5  | |             return Err(crate::errors::ClientError::ShouldBeAuthenticated());
6  | |         }
   | |_________^ unreachable statement
   |
  ::: src/api/playlists.rs:52:9
   |
52 |           return Err(crate::errors::ClientError::Custom("Not implemented yet".to_string()));
   |           --------------------------------------------------------------------------------- any code following this expression is unreachable
53 |           need_authentication!(self);
   |           -------------------------- in this macro invocation
   |
   = note: `#[warn(unreachable_code)]` on by default
   = note: this warning originates in the macro `need_authentication` (in Nightly builds, run with -Z macro-backtrace for more info)

warning: unused variable: `path`
  --> src/api/search.rs:71:88
   |
71 |     async fn generic_search(&self, query: String, collection_params: CollectionParams, path: &str) -> ClientResult<Vec<SearchItem>> {
   |                                                                                        ^^^^ help: if this is intentional, prefix it with an underscore: `_path`
   |
   = note: `#[warn(unused_variables)]` on by default

warning: function `convert_stream_item` is never used
  --> src/api/mod.rs:93:15
   |
93 | pub(crate) fn convert_stream_item(input: &str) -> ClientResult<StreamItem> {
   |               ^^^^^^^^^^^^^^^^^^^
   |
   = note: `#[warn(dead_code)]` on by default

warning: function `convert_repost_item` is never used
   --> src/api/mod.rs:137:15
    |
137 | pub(crate) fn convert_repost_item<'a>(input: &'a str) -> ClientResult<RepostItem> {
    |               ^^^^^^^^^^^^^^^^^^^

warning: function `convert_like_item` is never used
   --> src/api/mod.rs:175:15
    |
175 | pub(crate) fn convert_like_item<'a>(input: &'a str) -> ClientResult<LikeItem> {
    |               ^^^^^^^^^^^^^^^^^

warning: `rsoundcloud` (lib) generated 7 warnings (run `cargo fix --lib -p rsoundcloud` to apply 2 suggestions)
   Compiling tests v0.1.0 (/home/bgili/Documents/private/git/rsoundcloud/tests)
warning: unused import: `models::SearchItem`
 --> tests/src/main.rs:1:5
  |
1 | use models::SearchItem;
  |     ^^^^^^^^^^^^^^^^^^
  |
  = note: `#[warn(unused_imports)]` on by default

warning: unused imports: `me::MeApi`, `playlists::PlaylistsApi`, `search::SearchApi`, `tracks::TracksApi`, and `utils::schemas::CollectionParams`
 --> tests/src/main.rs:2:25
  |
2 | ...::{me::MeApi, playlists::PlaylistsApi, search::SearchApi, tracks::TracksApi, users::UsersApi}, client::SoundCloudClient, utils::schemas::CollectionParam...
  |       ^^^^^^^^^  ^^^^^^^^^^^^^^^^^^^^^^^  ^^^^^^^^^^^^^^^^^  ^^^^^^^^^^^^^^^^^                                              ^^^^^^^^^^^^^^^^^^^^^^^^^^^^^^^^

warning: constant `TRACK_ID` is never used
 --> tests/src/main.rs:7:7
  |
7 | const TRACK_ID: u64 = 635602308;
  |       ^^^^^^^^
  |
  = note: `#[warn(dead_code)]` on by default

warning: constant `PLAYLIST_ID` is never used
 --> tests/src/main.rs:8:7
  |
8 | const PLAYLIST_ID: u64 = 1974519144;
  |       ^^^^^^^^^^^

